 
****************************************
Report : power
        -analysis_effort low
Design : CPE_1
Version: O-2018.06
Date   : Fri Aug  8 13:46:51 2025
****************************************


Library(s) Used:

    slow (File: /home/wuyifan/Desktop/0804SYN/Lib/slow.db)


Operating Conditions: slow   Library: slow
Wire Load Model Mode: top

Design        Wire Load Model            Library
------------------------------------------------
CPE_1                  tsmc090_wl10      slow


Global Operating Voltage = 0.9  
Power-specific unit information :
    Voltage Units = 1V
    Capacitance Units = 1.000000pf
    Time Units = 1ns
    Dynamic Power Units = 1mW    (derived from V,C,T units)
    Leakage Power Units = 1pW


  Cell Internal Power  = 192.5762 uW   (49%)
  Net Switching Power  = 201.8147 uW   (51%)
                         ---------
Total Dynamic Power    = 394.3909 uW  (100%)

Cell Leakage Power     =  38.3536 uW


                 Internal         Switching           Leakage            Total
Power Group      Power            Power               Power              Power   (   %    )  Attrs
--------------------------------------------------------------------------------------------------
io_pad             0.0000            0.0000            0.0000            0.0000  (   0.00%)
memory             0.0000            0.0000            0.0000            0.0000  (   0.00%)
black_box          0.0000            0.0000            0.0000            0.0000  (   0.00%)
clock_network      0.0000            0.0000            0.0000            0.0000  (   0.00%)
register       5.7341e-02        2.3998e-03        1.0021e+06        6.0743e-02  (  14.04%)
sequential         0.0000            0.0000            0.0000            0.0000  (   0.00%)
combinational      0.1352            0.1994        3.7351e+07            0.3720  (  85.96%)
--------------------------------------------------------------------------------------------------
Total              0.1926 mW         0.2018 mW     3.8354e+07 pW         0.4327 mW
1
