 
****************************************
Report : timing
        -path full
        -delay max
        -max_paths 1
Design : PE_1
Version: O-2018.06
Date   : Fri Aug  8 13:37:06 2025
****************************************

Operating Conditions: slow   Library: slow
Wire Load Model Mode: top

  Startpoint: Activation_in[0]
              (input port clocked by clk)
  Endpoint: Partial_Sum_out_reg[18]
            (rising edge-triggered flip-flop clocked by clk)
  Path Group: clk
  Path Type: max

  Des/Clust/Port     Wire Load Model       Library
  ------------------------------------------------
  PE_1               tsmc090_wl10          slow

  Point                                                   Incr       Path
  --------------------------------------------------------------------------
  clock clk (rise edge)                                   0.00       0.00
  clock network delay (ideal)                             0.10       0.10
  input external delay                                    0.50       0.60 f
  Activation_in[0] (in)                                   0.00       0.60 f
  MAC_u1/Activation[0] (MAC_Unit_PARTIAL_SUM_WIDTH19)     0.00       0.60 f
  MAC_u1/m3/activation[0] (Multiplier_PE)                 0.00       0.60 f
  MAC_u1/m3/U35/Y (XOR2X8)                                0.11       0.71 r
  MAC_u1/m3/F200/A (Half_adder_0)                         0.00       0.71 r
  MAC_u1/m3/F200/U1/Y (AND2X8)                            0.12       0.83 r
  MAC_u1/m3/F200/C (Half_adder_0)                         0.00       0.83 r
  MAC_u1/m3/F201/B (Half_adder_39)                        0.00       0.83 r
  MAC_u1/m3/F201/U1/Y (AND2X8)                            0.10       0.92 r
  MAC_u1/m3/F201/C (Half_adder_39)                        0.00       0.92 r
  MAC_u1/m3/F202/B (Half_adder_38)                        0.00       0.92 r
  MAC_u1/m3/F202/U2/Y (XOR2X8)                            0.09       1.01 r
  MAC_u1/m3/F202/S (Half_adder_38)                        0.00       1.01 r
  MAC_u1/m3/U33/Y (AND2X8)                                0.12       1.13 r
  MAC_u1/m3/F217/A (Full_adder_0)                         0.00       1.13 r
  MAC_u1/m3/F217/U1/Y (XOR3X4)                            0.27       1.40 r
  MAC_u1/m3/F217/S (Full_adder_0)                         0.00       1.40 r
  MAC_u1/m3/F224/A (Half_adder_22)                        0.00       1.40 r
  MAC_u1/m3/F224/U2/Y (AND2X8)                            0.10       1.51 r
  MAC_u1/m3/F224/C (Half_adder_22)                        0.00       1.51 r
  MAC_u1/m3/F225/C_in (Full_adder_42)                     0.00       1.51 r
  MAC_u1/m3/F225/U3/CO (ACHCINX2)                         0.22       1.73 r
  MAC_u1/m3/F225/C (Full_adder_42)                        0.00       1.73 r
  MAC_u1/m3/F226/C_in (Full_adder_41)                     0.00       1.73 r
  MAC_u1/m3/F226/U2/Y (BUFX10)                            0.12       1.85 r
  MAC_u1/m3/F226/U4/Y (NOR2X8)                            0.04       1.89 f
  MAC_u1/m3/F226/U5/Y (NOR3X8)                            0.13       2.02 r
  MAC_u1/m3/F226/C (Full_adder_41)                        0.00       2.02 r
  MAC_u1/m3/F227/C_in (Full_adder_40)                     0.00       2.02 r
  MAC_u1/m3/F227/U1/Y (INVX10)                            0.05       2.07 f
  MAC_u1/m3/F227/U4/Y (XNOR3X4)                           0.20       2.27 r
  MAC_u1/m3/F227/S (Full_adder_40)                        0.00       2.27 r
  MAC_u1/m3/F234/A (Full_adder_34)                        0.00       2.27 r
  MAC_u1/m3/F234/U3/Y (AOI21X4)                           0.07       2.34 f
  MAC_u1/m3/F234/U7/Y (NOR2X8)                            0.13       2.47 r
  MAC_u1/m3/F234/C (Full_adder_34)                        0.00       2.47 r
  MAC_u1/m3/F235/C_in (Full_adder_33)                     0.00       2.47 r
  MAC_u1/m3/F235/U1/Y (INVX10)                            0.04       2.51 f
  MAC_u1/m3/F235/U2/CO (ACHCINX4)                         0.09       2.60 r
  MAC_u1/m3/F235/C (Full_adder_33)                        0.00       2.60 r
  MAC_u1/m3/F236/C_in (Full_adder_32)                     0.00       2.60 r
  MAC_u1/m3/F236/U2/Y (BUFX14)                            0.11       2.71 r
  MAC_u1/m3/F236/U4/Y (OR2X8)                             0.07       2.78 r
  MAC_u1/m3/F236/U6/Y (AND3X8)                            0.12       2.90 r
  MAC_u1/m3/F236/C (Full_adder_32)                        0.00       2.90 r
  MAC_u1/m3/F237/C_in (Full_adder_31)                     0.00       2.90 r
  MAC_u1/m3/F237/U4/Y (XOR2X8)                            0.12       3.02 r
  MAC_u1/m3/F237/S (Full_adder_31)                        0.00       3.02 r
  MAC_u1/m3/F244/A (Full_adder_25)                        0.00       3.02 r
  MAC_u1/m3/F244/U2/CO (ACHCINX4)                         0.23       3.24 r
  MAC_u1/m3/F244/C (Full_adder_25)                        0.00       3.24 r
  MAC_u1/m3/F245/C_in (Full_adder_24)                     0.00       3.24 r
  MAC_u1/m3/F245/U1/Y (BUFX10)                            0.11       3.36 r
  MAC_u1/m3/F245/U2/Y (INVX12)                            0.03       3.39 f
  MAC_u1/m3/F245/U3/CO (ACHCINX4)                         0.09       3.47 r
  MAC_u1/m3/F245/C (Full_adder_24)                        0.00       3.47 r
  MAC_u1/m3/F246/C_in (Full_adder_23)                     0.00       3.47 r
  MAC_u1/m3/F246/U1/Y (BUFX18)                            0.10       3.57 r
  MAC_u1/m3/F246/U3/Y (XOR2X8)                            0.09       3.65 r
  MAC_u1/m3/F246/S (Full_adder_23)                        0.00       3.65 r
  MAC_u1/m3/F253/A (Full_adder_17)                        0.00       3.65 r
  MAC_u1/m3/F253/U1/Y (XOR3X4)                            0.31       3.97 r
  MAC_u1/m3/F253/S (Full_adder_17)                        0.00       3.97 r
  MAC_u1/m3/F260/A (Full_adder_11)                        0.00       3.97 r
  MAC_u1/m3/F260/U1/CO (ACHCINX4)                         0.23       4.20 r
  MAC_u1/m3/F260/C (Full_adder_11)                        0.00       4.20 r
  MAC_u1/m3/F261/C_in (Full_adder_10)                     0.00       4.20 r
  MAC_u1/m3/F261/U4/Y (INVX6)                             0.09       4.29 f
  MAC_u1/m3/F261/U2/CO (ACHCINX4)                         0.11       4.40 r
  MAC_u1/m3/F261/U3/Y (BUFX18)                            0.10       4.49 r
  MAC_u1/m3/F261/C (Full_adder_10)                        0.00       4.49 r
  MAC_u1/m3/F262/C_in (Full_adder_9)                      0.00       4.49 r
  MAC_u1/m3/F262/U2/Y (NOR2X8)                            0.03       4.53 f
  MAC_u1/m3/F262/U3/Y (NOR2X8)                            0.09       4.62 r
  MAC_u1/m3/F262/C (Full_adder_9)                         0.00       4.62 r
  MAC_u1/m3/F263/C_in (Full_adder_8)                      0.00       4.62 r
  MAC_u1/m3/F263/U1/Y (XOR2X8)                            0.13       4.75 r
  MAC_u1/m3/F263/S (Full_adder_8)                         0.00       4.75 r
  MAC_u1/m3/F270/A (Full_adder_2)                         0.00       4.75 r
  MAC_u1/m3/F270/U5/Y (XOR2X8)                            0.12       4.87 r
  MAC_u1/m3/F270/U6/Y (XOR2X8)                            0.11       4.98 r
  MAC_u1/m3/F270/S (Full_adder_2)                         0.00       4.98 r
  MAC_u1/m3/U75/Y (XOR2X8)                                0.11       5.09 r
  MAC_u1/m3/F285/A (Half_adder_3)                         0.00       5.09 r
  MAC_u1/m3/F285/U2/Y (AND2X8)                            0.11       5.20 r
  MAC_u1/m3/F285/C (Half_adder_3)                         0.00       5.20 r
  MAC_u1/m3/F286/B (Half_adder_2)                         0.00       5.20 r
  MAC_u1/m3/F286/U1/Y (AND2X8)                            0.09       5.29 r
  MAC_u1/m3/F286/C (Half_adder_2)                         0.00       5.29 r
  MAC_u1/m3/F287/B (Half_adder_1)                         0.00       5.29 r
  MAC_u1/m3/F287/U2/Y (XOR2X8)                            0.10       5.39 r
  MAC_u1/m3/F287/S (Half_adder_1)                         0.00       5.39 r
  MAC_u1/m3/sum[15] (Multiplier_PE)                       0.00       5.39 r
  MAC_u1/add_53/A[15] (MAC_Unit_PARTIAL_SUM_WIDTH19_DW01_add_6)
                                                          0.00       5.39 r
  MAC_u1/add_53/U196/Y (NOR2X6)                           0.06       5.45 f
  MAC_u1/add_53/U193/Y (BUFX20)                           0.08       5.53 f
  MAC_u1/add_53/U192/Y (NOR2X8)                           0.07       5.60 r
  MAC_u1/add_53/U191/Y (NAND2X8)                          0.05       5.66 f
  MAC_u1/add_53/U189/Y (AND2X8)                           0.12       5.77 f
  MAC_u1/add_53/U177/Y (OAI21X8)                          0.09       5.86 r
  MAC_u1/add_53/U178/Y (XOR2X8)                           0.09       5.95 f
  MAC_u1/add_53/SUM[18] (MAC_Unit_PARTIAL_SUM_WIDTH19_DW01_add_6)
                                                          0.00       5.95 f
  MAC_u1/Partial_Sum_out[18] (MAC_Unit_PARTIAL_SUM_WIDTH19)
                                                          0.00       5.95 f
  Partial_Sum_out_reg[18]/D (EDFFHQX4)                    0.00       5.95 f
  data arrival time                                                  5.95

  clock clk (rise edge)                                   4.00       4.00
  clock network delay (ideal)                             0.10       4.10
  clock uncertainty                                      -0.50       3.60
  Partial_Sum_out_reg[18]/CK (EDFFHQX4)                   0.00       3.60 r
  library setup time                                     -0.10       3.50
  data required time                                                 3.50
  --------------------------------------------------------------------------
  data required time                                                 3.50
  data arrival time                                                 -5.95
  --------------------------------------------------------------------------
  slack (VIOLATED)                                                  -2.44


1
