// Activation Memory Contents with Index
// Format: [Index] Data
0101010  //[ 0]
1010101  //[ 1]
0110011  //[ 2]
1001100  //[ 3]
0111111  //[ 4]
1000000  //[ 5]
0101101  //[ 6]
1010010  //[ 7]
0011001  //[ 8]
1100110  //[ 9]
0100110  //[10]
1011001  //[11]
0101010  //[12]
1010101  //[13]
0110011  //[14]
1001100  //[15]
0111111  //[16]
1000000  //[17]
0101101  //[18]
1010010  //[19]
0011001  //[20]
1100110  //[21]
0100110  //[22]
1011001  //[23]
0101010  //[24]
1010101  //[25]
0110011  //[26]
1001100  //[27]
0111111  //[28]
1000000  //[29]
0101101  //[30]
1010010  //[31]
0011001  //[32]
1100110  //[33]
0100110  //[34]
1011001  //[35]
0101010  //[36]
1010101  //[37]
0110011  //[38]
1001100  //[39]
0111111  //[40]
1000000  //[41]
0101101  //[42]
1010010  //[43]
0011001  //[44]
1100110  //[45]
0100110  //[46]
1011001  //[47]
0101010  //[48]
1010101  //[49]
0110011  //[50]
1001100  //[51]
0111111  //[52]
1000000  //[53]
0101101  //[54]
1010010  //[55]
0011001  //[56]
1100110  //[57]
0100110  //[58]
1011001  //[59]
0101010  //[60]
1010101  //[61]
0110011  //[62]
1001100  //[63]
