// Weight Memory Contents with Index
// Format: [Index] Data
10011  //[ 0]
00111  //[ 1]
00111  //[ 2]
01000  //[ 3]
00111  //[ 4]
10011  //[ 5]
10110  //[ 6]
01000  //[ 7]
00111  //[ 8]
10011  //[ 9]
00111  //[10]
01000  //[11]
00111  //[12]
01000  //[13]
00111  //[14]
01000  //[15]
10011  //[16]
01000  //[17]
11100  //[18]
01000  //[19]
00111  //[20]
01000  //[21]
00111  //[22]
01000  //[23]
00111  //[24]
01000  //[25]
00111  //[26]
10011  //[27]
00111  //[28]
01000  //[29]
00111  //[30]
01000  //[31]
00111  //[32]
01000  //[33]
00111  //[34]
01000  //[35]
11100  //[36]
01000  //[37]
00111  //[38]
01000  //[39]
00111  //[40]
01000  //[41]
00111  //[42]
01000  //[43]
00111  //[44]
10011  //[45]
00111  //[46]
01000  //[47]
00111  //[48]
01000  //[49]
00111  //[50]
01000  //[51]
00111  //[52]
01000  //[53]
11100  //[54]
01000  //[55]
00111  //[56]
01000  //[57]
00111  //[58]
01000  //[59]
00111  //[60]
01000  //[61]
00111  //[62]
10011  //[63]
