// Activation Memory Contents with Index
// Format: [Index] Data
 42  // [ 0]
 85  // [ 1]
 51  // [ 2]
 76  // [ 3]
 63  // [ 4]
 64  // [ 5]
 45  // [ 6]
 82  // [ 7]
 25  // [ 8]
102  // [ 9]
 38  // [10]
 89  // [11]
 42  // [12]
 85  // [13]
 51  // [14]
 76  // [15]
 63  // [16]
 64  // [17]
 45  // [18]
 82  // [19]
 25  // [20]
102  // [21]
 38  // [22]
 89  // [23]
 42  // [24]
 85  // [25]
 51  // [26]
 76  // [27]
 63  // [28]
 64  // [29]
 45  // [30]
 82  // [31]
 25  // [32]
102  // [33]
 38  // [34]
 89  // [35]
 42  // [36]
 85  // [37]
 51  // [38]
 76  // [39]
 63  // [40]
 64  // [41]
 45  // [42]
 82  // [43]
 25  // [44]
102  // [45]
 38  // [46]
 89  // [47]
 42  // [48]
 85  // [49]
 51  // [50]
 76  // [51]
 63  // [52]
 64  // [53]
 45  // [54]
 82  // [55]
 25  // [56]
102  // [57]
 38  // [58]
 89  // [59]
 42  // [60]
 85  // [61]
 51  // [62]
 76  // [63]
