 
****************************************
Report : area
Design : RPE_1
Version: O-2018.06
Date   : Fri Aug  8 13:39:56 2025
****************************************

Library(s) Used:

    slow (File: /home/wuyifan/Desktop/0804SYN/Lib/slow.db)

Number of ports:                          453
Number of nets:                          1085
Number of cells:                          727
Number of combinational cells:            638
Number of sequential cells:                37
Number of macros/black boxes:               0
Number of buf/inv:                        284
Number of references:                      21

Combinational area:               4857.350468
Buf/Inv area:                     1209.398413
Noncombinational area:             668.908821
Macro/Black Box area:                0.000000
Net Interconnect area:           55486.943878

Total cell area:                  5526.259289
Total area:                      61013.203167
1
