 
****************************************
Report : area
Design : CPE_1
Version: O-2018.06
Date   : Fri Aug  8 13:46:51 2025
****************************************

Library(s) Used:

    slow (File: /home/wuyifan/Desktop/0804SYN/Lib/slow.db)

Number of ports:                          417
Number of nets:                           942
Number of cells:                          608
Number of combinational cells:            524
Number of sequential cells:                23
Number of macros/black boxes:               0
Number of buf/inv:                        201
Number of references:                      32

Combinational area:               4435.401658
Buf/Inv area:                      884.822412
Noncombinational area:             290.001596
Macro/Black Box area:                0.000000
Net Interconnect area:           46433.565979

Total cell area:                  4725.403254
Total area:                      51158.969233
1
