 
****************************************
Report : area
Design : PE_1
Version: O-2018.06
Date   : Fri Aug  8 13:37:06 2025
****************************************

Library(s) Used:

    slow (File: /home/wuyifan/Desktop/0804SYN/Lib/slow.db)

Number of ports:                          618
Number of nets:                          1366
Number of cells:                          874
Number of combinational cells:            746
Number of sequential cells:                37
Number of macros/black boxes:               0
Number of buf/inv:                        302
Number of references:                      17

Combinational area:               6116.846487
Buf/Inv area:                     1322.294417
Noncombinational area:             695.016024
Macro/Black Box area:                0.000000
Net Interconnect area:           66033.663666

Total cell area:                  6811.862511
Total area:                      72845.526177
1
