 
****************************************
Report : power
        -analysis_effort low
Design : PE_1
Version: O-2018.06
Date   : Fri Aug  8 13:37:06 2025
****************************************


Library(s) Used:

    slow (File: /home/wuyifan/Desktop/0804SYN/Lib/slow.db)


Operating Conditions: slow   Library: slow
Wire Load Model Mode: top

Design        Wire Load Model            Library
------------------------------------------------
PE_1                   tsmc090_wl10      slow


Global Operating Voltage = 0.9  
Power-specific unit information :
    Voltage Units = 1V
    Capacitance Units = 1.000000pf
    Time Units = 1ns
    Dynamic Power Units = 1mW    (derived from V,C,T units)
    Leakage Power Units = 1pW


  Cell Internal Power  = 314.1396 uW   (51%)
  Net Switching Power  = 306.8104 uW   (49%)
                         ---------
Total Dynamic Power    = 620.9501 uW  (100%)

Cell Leakage Power     =  53.3109 uW


                 Internal         Switching           Leakage            Total
Power Group      Power            Power               Power              Power   (   %    )  Attrs
--------------------------------------------------------------------------------------------------
io_pad             0.0000            0.0000            0.0000            0.0000  (   0.00%)
memory             0.0000            0.0000            0.0000            0.0000  (   0.00%)
black_box          0.0000            0.0000            0.0000            0.0000  (   0.00%)
clock_network      0.0000            0.0000            0.0000            0.0000  (   0.00%)
register           0.1134        4.7398e-03        2.4396e+06            0.1206  (  17.89%)
sequential         0.0000            0.0000            0.0000            0.0000  (   0.00%)
combinational      0.2007            0.3021        5.0871e+07            0.5536  (  82.11%)
--------------------------------------------------------------------------------------------------
Total              0.3141 mW         0.3068 mW     5.3311e+07 pW         0.6743 mW
1
