 
****************************************
Report : power
        -analysis_effort low
Design : RPE_1
Version: O-2018.06
Date   : Fri Aug  8 13:39:56 2025
****************************************


Library(s) Used:

    slow (File: /home/wuyifan/Desktop/0804SYN/Lib/slow.db)


Operating Conditions: slow   Library: slow
Wire Load Model Mode: top

Design        Wire Load Model            Library
------------------------------------------------
RPE_1                  tsmc090_wl10      slow


Global Operating Voltage = 0.9  
Power-specific unit information :
    Voltage Units = 1V
    Capacitance Units = 1.000000pf
    Time Units = 1ns
    Dynamic Power Units = 1mW    (derived from V,C,T units)
    Leakage Power Units = 1pW


  Cell Internal Power  = 256.8819 uW   (52%)
  Net Switching Power  = 240.4291 uW   (48%)
                         ---------
Total Dynamic Power    = 497.3110 uW  (100%)

Cell Leakage Power     =  42.5716 uW


                 Internal         Switching           Leakage            Total
Power Group      Power            Power               Power              Power   (   %    )  Attrs
--------------------------------------------------------------------------------------------------
io_pad             0.0000            0.0000            0.0000            0.0000  (   0.00%)
memory             0.0000            0.0000            0.0000            0.0000  (   0.00%)
black_box          0.0000            0.0000            0.0000            0.0000  (   0.00%)
clock_network      0.0000            0.0000            0.0000            0.0000  (   0.00%)
register           0.1186        3.8802e-03        2.5169e+06            0.1250  (  23.15%)
sequential         0.0000            0.0000            0.0000            0.0000  (   0.00%)
combinational      0.1383            0.2365        4.0055e+07            0.4149  (  76.85%)
--------------------------------------------------------------------------------------------------
Total              0.2569 mW         0.2404 mW     4.2572e+07 pW         0.5399 mW
1
