// Output Contents with Index
// Format: [Index] Data
  21640 // Col- 0 [ 0] 
 -21640 // Col- 0 [ 1] 
  22048 // Col- 0 [ 2] 
 -22048 // Col- 0 [ 3] 
  22752 // Col- 0 [ 4] 
 -22752 // Col- 0 [ 5] 
  19766 // Col- 0 [ 6] 
 -19766 // Col- 0 [ 7] 
   4080 // Col- 1 [ 0] 
  -4080 // Col- 1 [ 1] 
   5780 // Col- 1 [ 2] 
  -5780 // Col- 1 [ 3] 
   6580 // Col- 1 [ 4] 
  -6580 // Col- 1 [ 5] 
   7030 // Col- 1 [ 6] 
  -7030 // Col- 1 [ 7] 
  -5320 // Col- 2 [ 0] 
   5320 // Col- 2 [ 1] 
  -2272 // Col- 2 [ 2] 
   2272 // Col- 2 [ 3] 
   1632 // Col- 2 [ 4] 
  -1632 // Col- 2 [ 5] 
  -2294 // Col- 2 [ 6] 
   2294 // Col- 2 [ 7] 
   6460 // Col- 3 [ 0] 
  -6460 // Col- 3 [ 1] 
   7600 // Col- 3 [ 2] 
  -7600 // Col- 3 [ 3] 
   9520 // Col- 3 [ 4] 
  -9520 // Col- 3 [ 5] 
   6190 // Col- 3 [ 6] 
  -6190 // Col- 3 [ 7] 
  -3366 // Col- 4 [ 0] 
   3366 // Col- 4 [ 1] 
  -5462 // Col- 4 [ 2] 
   5462 // Col- 4 [ 3] 
  -5830 // Col- 4 [ 4] 
   5830 // Col- 4 [ 5] 
  -8008 // Col- 4 [ 6] 
   8008 // Col- 4 [ 7] 
   9400 // Col- 5 [ 0] 
  -9400 // Col- 5 [ 1] 
   6760 // Col- 5 [ 2] 
  -6760 // Col- 5 [ 3] 
   4200 // Col- 5 [ 4] 
  -4200 // Col- 5 [ 5] 
   5210 // Col- 5 [ 6] 
  -5210 // Col- 5 [ 7] 
  -4930 // Col- 6 [ 0] 
   4930 // Col- 6 [ 1] 
  -6202 // Col- 6 [ 2] 
   6202 // Col- 6 [ 3] 
  -7498 // Col- 6 [ 4] 
   7498 // Col- 6 [ 5] 
  -6004 // Col- 6 [ 6] 
   6004 // Col- 6 [ 7] 
   4080 // Col- 7 [ 0] 
  -4080 // Col- 7 [ 1] 
   5780 // Col- 7 [ 2] 
  -5780 // Col- 7 [ 3] 
   6580 // Col- 7 [ 4] 
  -6580 // Col- 7 [ 5] 
   7030 // Col- 7 [ 6] 
  -7030 // Col- 7 [ 7] 
