// Weight Memory Output - 8x8x5bit
// Format: 5-bit binary values
10011
00111
00111
01000
00111
10011
10110
01000
00111
10011
00111
01000
00111
01000
00111
01000
10011
01000
11100
01000
00111
01000
00111
01000
00111
01000
00111
10011
00111
01000
00111
01000
00111
01000
00111
01000
11100
01000
00111
01000
00111
01000
00111
01000
00111
10011
00111
01000
00111
01000
00111
01000
00111
01000
11100
01000
00111
01000
00111
01000
00111
01000
00111
10011
