// Output Contents with Index
// Format: [Index] Data
===================================Col[0]=========================================
  21640  //  [0] 
 -21640  //  [1] 
  22048  //  [2] 
 -22048  //  [3] 
  22752  //  [4] 
 -22752  //  [5] 
  19766  //  [6] 
 -19766  //  [7] 
===================================Col[1]=========================================
   4080  //  [0] 
  -4080  //  [1] 
   5780  //  [2] 
  -5780  //  [3] 
   6580  //  [4] 
  -6580  //  [5] 
   7030  //  [6] 
  -7030  //  [7] 
===================================Col[2]=========================================
  -5320  //  [0] 
   5320  //  [1] 
  -2272  //  [2] 
   2272  //  [3] 
   1632  //  [4] 
  -1632  //  [5] 
  -2294  //  [6] 
   2294  //  [7] 
===================================Col[3]=========================================
   6460  //  [0] 
  -6460  //  [1] 
   7600  //  [2] 
  -7600  //  [3] 
   9520  //  [4] 
  -9520  //  [5] 
   6190  //  [6] 
  -6190  //  [7] 
===================================Col[4]=========================================
  -3366  //  [0] 
   3366  //  [1] 
  -5462  //  [2] 
   5462  //  [3] 
  -5830  //  [4] 
   5830  //  [5] 
  -8008  //  [6] 
   8008  //  [7] 
===================================Col[5]=========================================
   9400  //  [0] 
  -9400  //  [1] 
   6760  //  [2] 
  -6760  //  [3] 
   4200  //  [4] 
  -4200  //  [5] 
   5210  //  [6] 
  -5210  //  [7] 
===================================Col[6]=========================================
  -4930  //  [0] 
   4930  //  [1] 
  -6202  //  [2] 
   6202  //  [3] 
  -7498  //  [4] 
   7498  //  [5] 
  -6004  //  [6] 
   6004  //  [7] 
===================================Col[7]=========================================
   4080  //  [0] 
  -4080  //  [1] 
   5780  //  [2] 
  -5780  //  [3] 
   6580  //  [4] 
  -6580  //  [5] 
   7030  //  [6] 
  -7030  //  [7] 
=========================== After Relu Function =================================
========================= Save into Unified Buffer ==============================
     0  //  [ 0]
     0  //  [ 1]
  2294  //  [ 2]
     0  //  [ 3]
  8008  //  [ 4]
     0  //  [ 5]
  6004  //  [ 6]
     0  //  [ 7]
 21640  //  [ 8]
  4080  //  [ 9]
     0  //  [10]
  6460  //  [11]
     0  //  [12]
  9400  //  [13]
     0  //  [14]
  4080  //  [15]
     0  //  [16]
     0  //  [17]
  5320  //  [18]
     0  //  [19]
  3366  //  [20]
     0  //  [21]
  4930  //  [22]
     0  //  [23]
 22048  //  [24]
  5780  //  [25]
     0  //  [26]
  7600  //  [27]
     0  //  [28]
  6760  //  [29]
     0  //  [30]
  5780  //  [31]
     0  //  [32]
     0  //  [33]
  2272  //  [34]
     0  //  [35]
  5462  //  [36]
     0  //  [37]
  6202  //  [38]
     0  //  [39]
 22752  //  [40]
  6580  //  [41]
  1632  //  [42]
  9520  //  [43]
     0  //  [44]
  4200  //  [45]
     0  //  [46]
  6580  //  [47]
     0  //  [48]
     0  //  [49]
     0  //  [50]
     0  //  [51]
  5830  //  [52]
     0  //  [53]
  7498  //  [54]
     0  //  [55]
 19766  //  [56]
  7030  //  [57]
     0  //  [58]
  6190  //  [59]
     0  //  [60]
  5210  //  [61]
     0  //  [62]
  7030  //  [63]
