// Output Contents with Index
// Format: [Index] Data
===================================Col[0]=========================================
  21640  //  [0] 
 -21640  //  [1] 
  22048  //  [2] 
 -22048  //  [3] 
  22752  //  [4] 
 -22752  //  [5] 
  19766  //  [6] 
 -19766  //  [7] 
===================================Col[1]=========================================
   4080  //  [0] 
  -4080  //  [1] 
   5780  //  [2] 
  -5780  //  [3] 
   6580  //  [4] 
  -6580  //  [5] 
   7030  //  [6] 
  -7030  //  [7] 
===================================Col[2]=========================================
  -5320  //  [0] 
   5320  //  [1] 
  -2272  //  [2] 
   2272  //  [3] 
   1632  //  [4] 
  -1632  //  [5] 
  -2294  //  [6] 
   2294  //  [7] 
===================================Col[3]=========================================
   6460  //  [0] 
  -6460  //  [1] 
   7600  //  [2] 
  -7600  //  [3] 
   9520  //  [4] 
  -9520  //  [5] 
   6190  //  [6] 
  -6190  //  [7] 
===================================Col[4]=========================================
  -3366  //  [0] 
   3366  //  [1] 
  -5462  //  [2] 
   5462  //  [3] 
  -5830  //  [4] 
   5830  //  [5] 
  -8008  //  [6] 
   8008  //  [7] 
===================================Col[5]=========================================
   9400  //  [0] 
  -9400  //  [1] 
   6760  //  [2] 
  -6760  //  [3] 
   4200  //  [4] 
  -4200  //  [5] 
   5210  //  [6] 
  -5210  //  [7] 
===================================Col[6]=========================================
  -4930  //  [0] 
   4930  //  [1] 
  -6202  //  [2] 
   6202  //  [3] 
  -7498  //  [4] 
   7498  //  [5] 
  -6004  //  [6] 
   6004  //  [7] 
===================================Col[7]=========================================
   4080  //  [0] 
  -4080  //  [1] 
   5780  //  [2] 
  -5780  //  [3] 
   6580  //  [4] 
  -6580  //  [5] 
   7030  //  [6] 
  -7030  //  [7] 
=========================== After Relu Function =================================
========================= Save into Unified Buffer ==============================
  21640  //  [ 0]
   4080  //  [ 1]
      0  //  [ 2]
   6460  //  [ 3]
      0  //  [ 4]
   9400  //  [ 5]
      0  //  [ 6]
   4080  //  [ 7]
      0  //  [ 8]
      0  //  [ 9]
   5320  //  [10]
      0  //  [11]
   3366  //  [12]
      0  //  [13]
   4930  //  [14]
      0  //  [15]
  22048  //  [16]
   5780  //  [17]
      0  //  [18]
   7600  //  [19]
      0  //  [20]
   6760  //  [21]
      0  //  [22]
   5780  //  [23]
      0  //  [24]
      0  //  [25]
   2272  //  [26]
      0  //  [27]
   5462  //  [28]
      0  //  [29]
   6202  //  [30]
      0  //  [31]
  22752  //  [32]
   6580  //  [33]
   1632  //  [34]
   9520  //  [35]
      0  //  [36]
   4200  //  [37]
      0  //  [38]
   6580  //  [39]
      0  //  [40]
      0  //  [41]
      0  //  [42]
      0  //  [43]
   5830  //  [44]
      0  //  [45]
   7498  //  [46]
      0  //  [47]
  19766  //  [48]
   7030  //  [49]
      0  //  [50]
   6190  //  [51]
      0  //  [52]
   5210  //  [53]
      0  //  [54]
   7030  //  [55]
      0  //  [56]
      0  //  [57]
   2294  //  [58]
      0  //  [59]
   8008  //  [60]
      0  //  [61]
   6004  //  [62]
      0  //  [63]
